<?xml version="1.0" encoding="utf-8"?><testsuites name="pytest tests"><testsuite name="pytest" errors="4" failures="0" skipped="0" tests="4" time="0.258" timestamp="2025-09-21T11:32:59.412105-06:00" hostname="DirGeneral"><testcase classname="" name="tests.test_integrations" time="0.000"><error message="collection failure">ImportError while importing test module '/home/baruc/inmoser_basico/tests/test_integrations.py'.
Hint: make sure your test modules/packages have valid Python names.
Traceback:
/usr/lib/python3.10/importlib/__init__.py:126: in import_module
    return _bootstrap._gcd_import(name[level:], package, level)
__init__.py:3: in &lt;module&gt;
    from . import controllers, models, wizards
controllers/__init__.py:2: in &lt;module&gt;
    from . import client_portal, public_portal
controllers/client_portal.py:5: in &lt;module&gt;
    from odoo import _, http
E   ModuleNotFoundError: No module named 'odoo'</error></testcase><testcase classname="" name="tests.test_service_equipment" time="0.000"><error message="collection failure">ImportError while importing test module '/home/baruc/inmoser_basico/tests/test_service_equipment.py'.
Hint: make sure your test modules/packages have valid Python names.
Traceback:
/usr/lib/python3.10/importlib/__init__.py:126: in import_module
    return _bootstrap._gcd_import(name[level:], package, level)
__init__.py:3: in &lt;module&gt;
    from . import controllers, models, wizards
controllers/__init__.py:2: in &lt;module&gt;
    from . import client_portal, public_portal
controllers/client_portal.py:5: in &lt;module&gt;
    from odoo import _, http
E   ModuleNotFoundError: No module named 'odoo'</error></testcase><testcase classname="" name="tests.test_service_order" time="0.000"><error message="collection failure">ImportError while importing test module '/home/baruc/inmoser_basico/tests/test_service_order.py'.
Hint: make sure your test modules/packages have valid Python names.
Traceback:
/usr/lib/python3.10/importlib/__init__.py:126: in import_module
    return _bootstrap._gcd_import(name[level:], package, level)
__init__.py:3: in &lt;module&gt;
    from . import controllers, models, wizards
controllers/__init__.py:2: in &lt;module&gt;
    from . import client_portal, public_portal
controllers/client_portal.py:5: in &lt;module&gt;
    from odoo import _, http
E   ModuleNotFoundError: No module named 'odoo'</error></testcase><testcase classname="" name="tests.test_service_workflows" time="0.000"><error message="collection failure">ImportError while importing test module '/home/baruc/inmoser_basico/tests/test_service_workflows.py'.
Hint: make sure your test modules/packages have valid Python names.
Traceback:
/usr/lib/python3.10/importlib/__init__.py:126: in import_module
    return _bootstrap._gcd_import(name[level:], package, level)
__init__.py:3: in &lt;module&gt;
    from . import controllers, models, wizards
controllers/__init__.py:2: in &lt;module&gt;
    from . import client_portal, public_portal
controllers/client_portal.py:5: in &lt;module&gt;
    from odoo import _, http
E   ModuleNotFoundError: No module named 'odoo'</error></testcase></testsuite></testsuites>